<?xml version="1.0" encoding="UTF-8"?>
<testng-results ignored="5" total="6" passed="1" failed="0" skipped="0">
  <reporter-output>
  </reporter-output>
  <suite started-at="2017-12-14T16:49:53Z" name="Default suite" finished-at="2017-12-14T16:50:20Z" duration-ms="26890">
    <groups>
    </groups>
    <test started-at="2017-12-14T16:49:53Z" name="Default test" finished-at="2017-12-14T16:50:20Z" duration-ms="26890">
      <class name="by.htp.tstng.tstng_study.AppTest">
        <test-method is-config="true" signature="beforeSuite()[pri:0, instance:by.htp.tstng.tstng_study.AppTest@76f2bbc1]" started-at="2017-12-14T19:49:53Z" name="beforeSuite" finished-at="2017-12-14T19:49:53Z" duration-ms="22" status="PASS">
          <reporter-output>
          </reporter-output>
        </test-method> <!-- beforeSuite -->
        <test-method is-config="true" signature="beforeTest()[pri:0, instance:by.htp.tstng.tstng_study.AppTest@76f2bbc1]" started-at="2017-12-14T19:49:53Z" name="beforeTest" finished-at="2017-12-14T19:49:53Z" duration-ms="0" status="PASS">
          <reporter-output>
          </reporter-output>
        </test-method> <!-- beforeTest -->
        <test-method is-config="true" signature="beforeClass()[pri:0, instance:by.htp.tstng.tstng_study.AppTest@76f2bbc1]" started-at="2017-12-14T19:49:53Z" name="beforeClass" finished-at="2017-12-14T19:50:00Z" duration-ms="6659" status="PASS">
          <reporter-output>
          </reporter-output>
        </test-method> <!-- beforeClass -->
        <test-method is-config="true" signature="beforeMethod()[pri:0, instance:by.htp.tstng.tstng_study.AppTest@76f2bbc1]" started-at="2017-12-14T19:50:00Z" name="beforeMethod" finished-at="2017-12-14T19:50:00Z" duration-ms="0" status="PASS">
          <reporter-output>
          </reporter-output>
        </test-method> <!-- beforeMethod -->
        <test-method signature="test6()[pri:0, instance:by.htp.tstng.tstng_study.AppTest@76f2bbc1]" started-at="2017-12-14T19:50:00Z" name="test6" finished-at="2017-12-14T19:50:20Z" duration-ms="19989" status="PASS">
          <reporter-output>
          </reporter-output>
        </test-method> <!-- test6 -->
        <test-method is-config="true" signature="AfterMethod()[pri:0, instance:by.htp.tstng.tstng_study.AppTest@76f2bbc1]" started-at="2017-12-14T19:50:20Z" name="AfterMethod" finished-at="2017-12-14T19:50:20Z" duration-ms="0" status="PASS">
          <reporter-output>
          </reporter-output>
        </test-method> <!-- AfterMethod -->
        <test-method is-config="true" signature="afterClass()[pri:0, instance:by.htp.tstng.tstng_study.AppTest@76f2bbc1]" started-at="2017-12-14T19:50:20Z" name="afterClass" finished-at="2017-12-14T19:50:20Z" duration-ms="195" status="PASS">
          <reporter-output>
          </reporter-output>
        </test-method> <!-- afterClass -->
        <test-method is-config="true" signature="afterTest()[pri:0, instance:by.htp.tstng.tstng_study.AppTest@76f2bbc1]" started-at="2017-12-14T19:50:20Z" name="afterTest" finished-at="2017-12-14T19:50:20Z" duration-ms="1" status="PASS">
          <reporter-output>
          </reporter-output>
        </test-method> <!-- afterTest -->
        <test-method is-config="true" signature="afterSuite()[pri:0, instance:by.htp.tstng.tstng_study.AppTest@76f2bbc1]" started-at="2017-12-14T19:50:20Z" name="afterSuite" finished-at="2017-12-14T19:50:20Z" duration-ms="0" status="PASS">
          <reporter-output>
          </reporter-output>
        </test-method> <!-- afterSuite -->
      </class> <!-- by.htp.tstng.tstng_study.AppTest -->
    </test> <!-- Default test -->
  </suite> <!-- Default suite -->
</testng-results>
