<?xml version="1.0" encoding="UTF-8"?>
<!-- Generated by org.testng.reporters.JUnitXMLReporter -->
<testsuite ignored="5" hostname="DESKTOP-JLCS378" failures="0" tests="1" name="Default test" time="26.89" errors="0" timestamp="14 дек. 2017 16:50:20 GMT">
  <testcase classname="by.htp.tstng.tstng_study.AppTest" name="test6" time="19.989"/>
  <testcase classname="by.htp.tstng.tstng_study.AppTest" name="test4" time="0.0">
    <ignored/>
  </testcase> <!-- test4 -->
  <testcase classname="by.htp.tstng.tstng_study.AppTest" name="test2" time="0.0">
    <ignored/>
  </testcase> <!-- test2 -->
  <testcase classname="by.htp.tstng.tstng_study.AppTest" name="test5" time="0.0">
    <ignored/>
  </testcase> <!-- test5 -->
  <testcase classname="by.htp.tstng.tstng_study.AppTest" name="test5Negative" time="0.0">
    <ignored/>
  </testcase> <!-- test5Negative -->
  <testcase classname="by.htp.tstng.tstng_study.AppTest" name="test1" time="0.0">
    <ignored/>
  </testcase> <!-- test1 -->
</testsuite> <!-- Default test -->
